0.04
17201 1498202046422940980314192423104814565115363307851898927870736575545991212693174545
63753 5552663233151343464065053253855829649653819228312693112997491289447218126147081425
11083 965348771997434145765701855231019114758186170883606425370173134757815853331176609
-
17201 1498202046422940980314192423104814565115363307851898927870736575545991212693174545
38425 3347174247590384552046181027528467133967829503799791394717447961371741689602181969
58186 4119234376745076712204931334795203568732320468284692974947339165952594993951476025
63 -21775
----------------------------------------------------------------------------------------
17201 1498202046422940980314192423104814565115363307851898927870736575545991212693174545
11083 965348771997434145765701855231019114758186170883606425370173134757815853331176609
52966 4613396584158895747228752375840069165083725884919416352961633922286167161412725521
-
2359 205528577838380611918391643687323169041526354581829165509291849685903869314474641
38425 3347174247590384552046181027528467133967829503799791394717447961371741689602181969
46930 4087457410239294608824697379787313304331704968038790729969161333879436321128396025
65 -6464
----------------------------------------------------------------------------------------
2359 205528577838380611918391643687323169041526354581829165509291849685903869314474641
63753 5552663233151343464065053253855829649653819228312693112997491289447218126147081425
11083 965348771997434145765701855231019114758186170883606425370173134757815853331176609
-
2359 205528577838380611918391643687323169041526354581829165509291849685903869314474641
38425 3347174247590384552046181027528467133967829503799791394717447961371741689602181969
58186 4119234376745076712204931334795203568732320468284692974947339165952594993951476025
63 -21775
----------------------------------------------------------------------------------------
29566 2604772134869843841749744341194530593531335284127840527163539255744661321214289113
63753 5552663233151343464065053253855829649653819228312693112997491289447218126147081425
11083 965348771997434145765701855231019114758186170883606425370173134757815853331176609
-
29566 2604772134869843841749744341194530593531335284127840527163539255744661321214289113
38425 3347174247590384552046181027528467133967829503799791394717447961371741689602181969
58186 4119234376745076712204931334795203568732320468284692974947339165952594993951476025
63 -21775
----------------------------------------------------------------------------------------
41115 3580997690681480898080923762761590024690075480890598417418644111425155459647442209
63753 5552663233151343464065053253855829649653819228312693112997491289447218126147081425
11083 965348771997434145765701855231019114758186170883606425370173134757815853331176609
-
41115 3580997690681480898080923762761590024690075480890598417418644111425155459647442209
38425 3347174247590384552046181027528467133967829503799791394717447961371741689602181969
58186 4119234376745076712204931334795203568732320468284692974947339165952594993951476025
63 -21775
----------------------------------------------------------------------------------------
63753 5552663233151343464065053253855829649653819228312693112997491289447218126147081425
45749 3984597636146847210662624128050484855013096227571135261824031690206529780431175857
11083 965348771997434145765701855231019114758186170883606425370173134757815853331176609
-
45749 3984597636146847210662624128050484855013096227571135261824031690206529780431175857
38425 3347174247590384552046181027528467133967829503799791394717447961371741689602181969
58186 4119234376745076712204931334795203568732320468284692974947339165952594993951476025
63 -21775
----------------------------------------------------------------------------------------
63753 5552663233151343464065053253855829649653819228312693112997491289447218126147081425
52137 4540963129884614641816053790341155048310168280467983551422827792302864803219789265
11083 965348771997434145765701855231019114758186170883606425370173134757815853331176609
-
52137 4540963129884614641816053790341155048310168280467983551422827792302864803219789265
38425 3347174247590384552046181027528467133967829503799791394717447961371741689602181969
58186 4119234376745076712204931334795203568732320468284692974947339165952594993951476025
63 -21775
----------------------------------------------------------------------------------------
63753 5552663233151343464065053253855829649653819228312693112997491289447218126147081425
11083 965348771997434145765701855231019114758186170883606425370173134757815853331176609
55448 1037369406032555553480062523461973458317468337566058778150351373286109647030571113
-
55448 1037369406032555553480062523461973458317468337566058778150351373286109647030571113
38425 3347174247590384552046181027528467133967829503799791394717447961371741689602181969
58186 4119234376745076712204931334795203568732320468284692974947339165952594993951476025
63 -21775
----------------------------------------------------------------------------------------
63753 5552663233151343464065053253855829649653819228312693112997491289447218126147081425
11083 965348771997434145765701855231019114758186170883606425370173134757815853331176609
9846 857604560149920685975926519934070312669511105639135575326420588403451141357807001
-
9846 857604560149920685975926519934070312669511105639135575326420588403451141357807001
38425 3347174247590384552046181027528467133967829503799791394717447961371741689602181969
58186 4119234376745076712204931334795203568732320468284692974947339165952594993951476025
63 -21775
----------------------------------------------------------------------------------------
63753 5552663233151343464065053253855829649653819228312693112997491289447218126147081425
11083 965348771997434145765701855231019114758186170883606425370173134757815853331176609
21555 1877411771671024226903596270331636854195305170271825806474583714336259659383839969
-
21555 1877411771671024226903596270331636854195305170271825806474583714336259659383839969
38425 3347174247590384552046181027528467133967829503799791394717447961371741689602181969
58186 4119234376745076712204931334795203568732320468284692974947339165952594993951476025
63 -21775
----------------------------------------------------------------------------------------
63753 5552663233151343464065053253855829649653819228312693112997491289447218126147081425
11083 965348771997434145765701855231019114758186170883606425370173134757815853331176609
39113 3347347161016954705265096482507124626027631977147965811105193783818021372259080917
-
39113 3347347161016954705265096482507124626027631977147965811105193783818021372259080917
38425 3347174247590384552046181027528467133967829503799791394717447961371741689602181969
58186 4119234376745076712204931334795203568732320468284692974947339165952594993951476025
63 -21775
----------------------------------------------------------------------------------------
63753 5552663233151343464065053253855829649653819228312693112997491289447218126147081425
11083 965348771997434145765701855231019114758186170883606425370173134757815853331176609
15753 1372084293126341867267220025109704256762615908914518729392718334916679457693231313
-
15753 1372084293126341867267220025109704256762615908914518729392718334916679457693231313
38425 3347174247590384552046181027528467133967829503799791394717447961371741689602181969
58186 4119234376745076712204931334795203568732320468284692974947339165952594993951476025
63 -21775
----------------------------------------------------------------------------------------
63753 5552663233151343464065053253855829649653819228312693112997491289447218126147081425
11083 965348771997434145765701855231019114758186170883606425370173134757815853331176609
32210 2805413208898941300929561331732930462969995335744275781010178390110041565110081785
-
32210 2805413208898941300929561331732930462969995335744275781010178390110041565110081785
38425 3347174247590384552046181027528467133967829503799791394717447961371741689602181969
58186 4119234376745076712204931334795203568732320468284692974947339165952594993951476025
63 -21775
----------------------------------------------------------------------------------------
63753 5552663233151343464065053253855829649653819228312693112997491289447218126147081425
11083 965348771997434145765701855231019114758186170883606425370173134757815853331176609
1165 101536231448977109730843617279287120855376715860340967926382777556794500849220721
-
1165 101536231448977109730843617279287120855376715860340967926382777556794500849220721
38425 3347174247590384552046181027528467133967829503799791394717447961371741689602181969
58186 4119234376745076712204931334795203568732320468284692974947339165952594993951476025
63 -21775
----------------------------------------------------------------------------------------
63753 5552663233151343464065053253855829649653819228312693112997491289447218126147081425
11083 965348771997434145765701855231019114758186170883606425370173134757815853331176609
26728 2327956248673180664705718093161913623650558310613222065161410722820995353508611305
-
26728 2327956248673180664705718093161913623650558310613222065161410722820995353508611305
38425 3347174247590384552046181027528467133967829503799791394717447961371741689602181969
58186 4119234376745076712204931334795203568732320468284692974947339165952594993951476025
63 -21775
----------------------------------------------------------------------------------------
63753 5552663233151343464065053253855829649653819228312693112997491289447218126147081425
11083 965348771997434145765701855231019114758186170883606425370173134757815853331176609
63818 5558324434124480848776926448356203445856780115833500218626176469024483667805671353
-
63818 5558324434124480848776926448356203445856780115833500218626176469024483667805671353
38425 3347174247590384552046181027528467133967829503799791394717447961371741689602181969
58186 4119234376745076712204931334795203568732320468284692974947339165952594993951476025
63 -21775
----------------------------------------------------------------------------------------
63753 5552663233151343464065053253855829649653819228312693112997491289447218126147081425
11083 965348771997434145765701855231019114758186170883606425370173134757815853331176609
10752 936520224218474048464338406462076192542520577483746430234158657096522132550633129
-
10752 936520224218474048464338406462076192542520577483746430234158657096522132550633129
38425 3347174247590384552046181027528467133967829503799791394717447961371741689602181969
58186 4119234376745076712204931334795203568732320468284692974947339165952594993951476025
63 -21775
----------------------------------------------------------------------------------------
63753 5552663233151343464065053253855829649653819228312693112997491289447218126147081425
11083 965348771997434145765701855231019114758186170883606425370173134757815853331176609
59412 5174582351704511804586711222570178433194001612626382567317734970940736716297397449
-
59412 5174582351704511804586711222570178433194001612626382567317734970940736716297397449
38425 3347174247590384552046181027528467133967829503799791394717447961371741689602181969
58186 4119234376745076712204931334795203568732320468284692974947339165952594993951476025
63 -21775
----------------------------------------------------------------------------------------
63753 5552663233151343464065053253855829649653819228312693112997491289447218126147081425
11083 965348771997434145765701855231019114758186170883606425370173134757815853331176609
25651 337016918632420258890499601497430265697434069591460810693344968945065552948534005
-
25651 337016918632420258890499601497430265697434069591460810693344968945065552948534005
38425 3347174247590384552046181027528467133967829503799791394717447961371741689602181969
58186 4119234376745076712204931334795203568732320468284692974947339165952594993951476025
63 -21775
----------------------------------------------------------------------------------------
63753 5552663233151343464065053253855829649653819228312693112997491289447218126147081425
11083 965348771997434145765701855231019114758186170883606425370173134757815853331176609
58944 5134282839984049338125091548271290371559341485178494346316629314451846485329502377
-
58944 5134282839984049338125091548271290371559341485178494346316629314451846485329502377
38425 3347174247590384552046181027528467133967829503799791394717447961371741689602181969
58186 4119234376745076712204931334795203568732320468284692974947339165952594993951476025
63 -21775
----------------------------------------------------------------------------------------
63753 5552663233151343464065053253855829649653819228312693112997491289447218126147081425
11083 965348771997434145765701855231019114758186170883606425370173134757815853331176609
46930 4087457410239294608824697379787313304331704968038790729969161333879436321128396025
-
38425 3347174247590384552046181027528467133967829503799791394717447961371741689602181969
46930 4087457410239294608824697379787313304331704968038790729969161333879436321128396025
58186 4119234376745076712204931334795203568732320468284692974947339165952594993951476025
63 -21775
----------------------------------------------------------------------------------------
63753 5552663233151343464065053253855829649653819228312693112997491289447218126147081425
11083 965348771997434145765701855231019114758186170883606425370173134757815853331176609
52966 4613396584158895747228752375840069165083725884919416352961633922286167161412725521
-
38425 3347174247590384552046181027528467133967829503799791394717447961371741689602181969
52966 4613396584158895747228752375840069165083725884919416352961633922286167161412725521
58186 4119234376745076712204931334795203568732320468284692974947339165952594993951476025
63 -21775
----------------------------------------------------------------------------------------
63753 5552663233151343464065053253855829649653819228312693112997491289447218126147081425
11083 965348771997434145765701855231019114758186170883606425370173134757815853331176609
7638 606019616204884791993945951312299966813241283941359058930586579140080409891902681
-
38425 3347174247590384552046181027528467133967829503799791394717447961371741689602181969
7638 606019616204884791993945951312299966813241283941359058930586579140080409891902681
58186 4119234376745076712204931334795203568732320468284692974947339165952594993951476025
63 -21775
----------------------------------------------------------------------------------------
63753 5552663233151343464065053253855829649653819228312693112997491289447218126147081425
11083 965348771997434145765701855231019114758186170883606425370173134757815853331176609
34565 3010522884367426077199928635772277204813010003276422699695112669307576967449774385
-
38425 3347174247590384552046181027528467133967829503799791394717447961371741689602181969
34565 3010522884367426077199928635772277204813010003276422699695112669307576967449774385
58186 4119234376745076712204931334795203568732320468284692974947339165952594993951476025
63 -21775
----------------------------------------------------------------------------------------
63753 5552663233151343464065053253855829649653819228312693112997491289447218126147081425
11083 965348771997434145765701855231019114758186170883606425370173134757815853331176609
35140 3060602765404426603986965205325229416043521660633435066486367611132136475529450569
-
38425 3347174247590384552046181027528467133967829503799791394717447961371741689602181969
35140 3060602765404426603986965205325229416043521660633435066486367611132136475529450569
58186 4119234376745076712204931334795203568732320468284692974947339165952594993951476025
63 -21775
----------------------------------------------------------------------------------------
63753 5552663233151343464065053253855829649653819228312693112997491289447218126147081425
11083 965348771997434145765701855231019114758186170883606425370173134757815853331176609
58391 5085657755938272047783499304445803602782376739752469246035419441386421908669643137
-
38425 3347174247590384552046181027528467133967829503799791394717447961371741689602181969
58391 5085657755938272047783499304445803602782376739752469246035419441386421908669643137
58186 4119234376745076712204931334795203568732320468284692974947339165952594993951476025
63 -21775
----------------------------------------------------------------------------------------
63753 5552663233151343464065053253855829649653819228312693112997491289447218126147081425
11083 965348771997434145765701855231019114758186170883606425370173134757815853331176609
29853 2370397851715408193976376819437256128514392697389139717128841415532471616944712433
-
38425 3347174247590384552046181027528467133967829503799791394717447961371741689602181969
58186 4119234376745076712204931334795203568732320468284692974947339165952594993951476025
29853 2370397851715408193976376819437256128514392697389139717128841415532471616944712433
63 -21775
----------------------------------------------------------------------------------------
1497464440 361.576819181 27 26