0) 1497438155	0.04	1	0
1) 1497438273	0.04	0	0
2) 1497438391	0.04	0	0
3) 1497438509	0.04	2	0
4) 1497438626	0.04	0	0
5) 1497438744	0.04	0	0
6) 1497438862	0.04	0	0
7) 1497438980	0.04	0	0
8) 1497439098	0.04	1	0
9) 1497439215	0.04	0	0
10) 1497439333	0.04	1	1
11) 1497439451	0.04	2	0
12) 1497439569	0.04	0	0
13) 1497439687	0.04	1	0
14) 1497439805	0.04	0	0
15) 1497439923	0.04	0	0
16) 1497440041	0.04	0	0
17) 1497440159	0.04	0	0
18) 1497440278	0.04	0	0
19) 1497440396	0.04	1	0
20) 1497440513	0.04	0	0
21) 1497440631	0.04	1	0
22) 1497440749	0.04	0	0
23) 1497440867	0.04	0	0
24) 1497440985	0.04	0	0
25) 1497441103	0.04	0	0
26) 1497441221	0.04	0	0
27) 1497441339	0.04	1	0
28) 1497441457	0.04	0	0
29) 1497441575	0.04	2	0
30) 1497441693	0.04	0	0
31) 1497441811	0.04	1	0
32) 1497441929	0.04	2	0
33) 1497442047	0.04	0	0
34) 1497442165	0.04	1	0
35) 1497442282	0.04	0	0
36) 1497442400	0.04	1	1
37) 1497442518	0.04	0	0
38) 1497442636	0.04	0	0
39) 1497442754	0.04	1	0
40) 1497442872	0.04	0	0
41) 1497442990	0.04	0	0
42) 1497443108	0.04	0	0
43) 1497443226	0.04	1	0
44) 1497443344	0.04	2	0
45) 1497443462	0.04	0	0
46) 1497443579	0.04	2	0
47) 1497443697	0.04	1	1
48) 1497443815	0.04	0	0
49) 1497443934	0.04	0	0
50) 1497444052	0.04	1	0
51) 1497444170	0.04	0	0
52) 1497444290	0.04	0	0
53) 1497444410	0.04	0	0
54) 1497444531	0.04	0	0
55) 1497444651	0.04	1	0
56) 1497444771	0.04	1	0
57) 1497444891	0.04	0	0
58) 1497445012	0.04	1	0
59) 1497445132	0.04	0	0
60) 1497445252	0.04	0	0
61) 1497445372	0.04	0	0
62) 1497445492	0.04	0	0
63) 1497445613	0.04	0	0
64) 1497445733	0.04	1	0
65) 1497445854	0.04	0	0
66) 1497445974	0.04	1	0
67) 1497446094	0.04	0	0
68) 1497446215	0.04	0	0
69) 1497446335	0.04	0	0
70) 1497446455	0.04	0	0
71) 1497446575	0.04	1	0
72) 1497446695	0.04	1	0
73) 1497446815	0.04	1	0
74) 1497446935	0.04	0	0
75) 1497447055	0.04	0	0
76) 1497447176	0.04	0	0
77) 1497447296	0.04	0	0
78) 1497447416	0.04	0	0
79) 1497447536	0.04	0	0
80) 1497447656	0.04	1	0
81) 1497447776	0.04	1	0
82) 1497447896	0.04	0	0
83) 1497448016	0.04	1	0
84) 1497448136	0.04	0	0
85) 1497448257	0.04	1	0
86) 1497448377	0.04	1	0
87) 1497448497	0.04	0	0
88) 1497448617	0.04	0	0
89) 1497448737	0.04	0	0
90) 1497448857	0.04	0	0
91) 1497448977	0.04	0	0
92) 1497449097	0.04	0	0
93) 1497449218	0.04	2	1
94) 1497449338	0.04	1	0
95) 1497449457	0.04	0	0
96) 1497449578	0.04	0	0
97) 1497449698	0.04	0	0
98) 1497449818	0.04	0	0
99) 1497449938	0.04	0	0
100) 1497450058	0.04	0	0
101) 1497450178	0.04	2	0
102) 1497450298	0.04	0	0
103) 1497450418	0.04	0	0
104) 1497450538	0.04	1	0
105) 1497450658	0.04	1	0
106) 1497450779	0.04	0	0
107) 1497450898	0.04	1	0
108) 1497451019	0.04	0	0
109) 1497451139	0.04	1	0
110) 1497451259	0.04	1	0
111) 1497451379	0.04	0	0
112) 1497451500	0.04	0	0
113) 1497451620	0.04	0	0
114) 1497451740	0.04	1	0
115) 1497451860	0.04	0	0
116) 1497451980	0.04	0	0
117) 1497452100	0.04	2	0
118) 1497452220	0.04	1	0
119) 1497452340	0.04	0	0
120) 1497452460	0.04	0	0
121) 1497452580	0.04	1	0
122) 1497452700	0.04	1	0
123) 1497452820	0.04	2	0
124) 1497452940	0.04	0	0
125) 1497453061	0.04	0	0
126) 1497453181	0.04	1	0
127) 1497453301	0.04	1	0
128) 1497453421	0.04	0	0
129) 1497453541	0.04	0	0
130) 1497453661	0.04	2	0
131) 1497453782	0.04	1	0
132) 1497453902	0.04	1	0
133) 1497454022	0.04	0	0
134) 1497454142	0.04	0	0
135) 1497454263	0.04	0	0
136) 1497454383	0.04	0	0
137) 1497454503	0.04	0	0
138) 1497454623	0.04	0	0
139) 1497454743	0.04	1	0
140) 1497454863	0.04	0	0
141) 1497454983	0.04	0	0
142) 1497455101	0.04	0	0
143) 1497455221	0.04	0	0
144) 1497455341	0.04	0	0
145) 1497455461	0.04	1	0
146) 1497455581	0.04	0	0
147) 1497455701	0.04	0	0
148) 1497455821	0.04	0	0
149) 1497455939	0.04	0	0
150) 1497456056	0.04	0	0
151) 1497456174	0.04	0	0
152) 1497456292	0.04	1	0
153) 1497456410	0.04	1	0
154) 1497456528	0.04	0	0
155) 1497456645	0.04	0	0
156) 1497456763	0.04	1	0
157) 1497456881	0.04	0	0
158) 1497456999	0.04	0	0
159) 1497457116	0.04	0	0
160) 1497457234	0.04	0	0
161) 1497457352	0.04	0	0
162) 1497457470	0.04	0	0
163) 1497457587	0.04	0	0
164) 1497457705	0.04	0	0
165) 1497457823	0.04	0	0
166) 1497457941	0.04	1	0
167) 1497458059	0.04	2	0
168) 1497458176	0.04	0	0
169) 1497458294	0.04	0	0
170) 1497458412	0.04	1	0
171) 1497458530	0.04	0	0
172) 1497458647	0.04	0	0
173) 1497458765	0.04	1	0
174) 1497458883	0.04	0	0
175) 1497459000	0.04	0	0
176) 1497459118	0.04	1	0
177) 1497459236	0.04	1	0
178) 1497459354	0.04	1	1
179) 1497459472	0.04	0	0
180) 1497459591	0.04	0	0
181) 1497459711	0.04	0	0
182) 1497459831	0.04	0	0
183) 1497459951	0.04	2	1
184) 1497460072	0.04	1	0
185) 1497460191	0.04	1	0
186) 1497460311	0.04	2	2
187) 1497460431	0.04	1	0
188) 1497460551	0.04	1	0
189) 1497460671	0.04	0	0
190) 1497460790	0.04	1	0
191) 1497460907	0.04	0	0
192) 1497461025	0.04	0	0
193) 1497461143	0.04	0	0
194) 1497461261	0.04	2	0
195) 1497461378	0.04	0	0
196) 1497461496	0.04	3	0
197) 1497461614	0.04	0	0
198) 1497461732	0.04	0	0
199) 1497461849	0.04	0	0
200) 1497461967	0.04	0	0
201) 1497462085	0.04	0	0
202) 1497462203	0.04	1	0
203) 1497462320	0.04	1	0
204) 1497462438	0.04	0	0
205) 1497462556	0.04	0	0
206) 1497462674	0.04	1	0
207) 1497462792	0.04	2	0
208) 1497462909	0.04	2	1
209) 1497463027	0.04	1	0
210) 1497463145	0.04	0	0
211) 1497463262	0.04	0	0
212) 1497463380	0.04	0	0
213) 1497463498	0.04	0	0
214) 1497463616	0.04	2	0
215) 1497463734	0.04	0	0
216) 1497463852	0.04	1	0
217) 1497463969	0.04	0	0
218) 1497464087	0.04	0	0
219) 1497464205	0.04	1	0
220) 1497464322	0.04	0	0
221) 1497464440	0.04	27	26
0) 1497464558	0.05	0	0
1) 1497464726	0.05	0	0
2) 1497464894	0.05	0	0
3) 1497465062	0.05	1	0
4) 1497465229	0.05	0	0
5) 1497465397	0.05	0	0
6) 1497465565	0.05	0	0
7) 1497465733	0.05	0	0
8) 1497465900	0.05	0	0
9) 1497466068	0.05	0	0
10) 1497466235	0.05	0	0
11) 1497466403	0.05	1	0
12) 1497466570	0.05	0	0
13) 1497466738	0.05	0	0
14) 1497466906	0.05	0	0
15) 1497467074	0.05	0	0
16) 1497467241	0.05	0	0
17) 1497467409	0.05	0	0
18) 1497467577	0.05	0	0
19) 1497467745	0.05	0	0
20) 1497467913	0.05	0	0
21) 1497468080	0.05	0	0
22) 1497468249	0.05	0	0
23) 1497468416	0.05	0	0
24) 1497468584	0.05	0	0
25) 1497468751	0.05	0	0
26) 1497468919	0.05	1	0
27) 1497469087	0.05	1	0
28) 1497469254	0.05	0	0
29) 1497469422	0.05	0	0
30) 1497469589	0.05	0	0
31) 1497469757	0.05	0	0
32) 1497469925	0.05	0	0
33) 1497470093	0.05	0	0
34) 1497470261	0.05	0	0
35) 1497470428	0.05	0	0
36) 1497470596	0.05	0	0
37) 1497470764	0.05	0	0
38) 1497470931	0.05	0	0
39) 1497471099	0.05	1	0
40) 1497471267	0.05	0	0
41) 1497471435	0.05	0	0
42) 1497471605	0.05	0	0
43) 1497471773	0.05	14	0
